2026-04-22 09:09:20.045 BST [67M] INFO: ########## FTL started on f40bbd4c0184! ##########
2026-04-22 09:09:20.046 BST [67M] INFO: FTL branch: master
2026-04-22 09:09:20.057 BST [67M] INFO: FTL version: v6.5
2026-04-22 09:09:20.067 BST [67M] INFO: FTL commit: f8883098
2026-04-22 09:09:20.079 BST [67M] INFO: FTL date: 2026-02-17 20:20:12 +0000
2026-04-22 09:09:20.091 BST [67M] INFO: FTL user: pihole
2026-04-22 09:09:20.102 BST [67M] INFO: Compiled for linux/amd64 (compiled on CI) using cc (Alpine 15.2.0) 15.2.0
2026-04-22 09:09:20.165 BST [67M] INFO: Wrote config file:
2026-04-22 09:09:20.167 BST [67M] INFO:  - 166 total entries
2026-04-22 09:09:20.180 BST [67M] INFO:  - 163 entries are default
2026-04-22 09:09:20.191 BST [67M] INFO:  - 3 entries are modified
2026-04-22 09:09:20.202 BST [67M] INFO:  - 0 entries are forced through environment
2026-04-22 09:09:20.324 BST [67M] INFO: Parsed config file /etc/pihole/pihole.toml successfully
2026-04-22 09:09:20.325 BST [67M] INFO: PID file does not exist or not readable
2026-04-22 09:09:20.334 BST [67M] INFO: No other running FTL process found.
2026-04-22 09:09:20.342 BST [67M] WARNING: Insufficient permissions to set process priority to -10 (CAP_SYS_NICE required), process priority remains at 0
2026-04-22 09:09:20.354 BST [67M] INFO: PID of FTL process: 67
2026-04-22 09:09:20.366 BST [67M] INFO: listening on 0.0.0.0 port 53
2026-04-22 09:09:20.369 BST [67M] INFO: listening on :: port 53
2026-04-22 09:09:20.380 BST [67M] INFO: PID of FTL process: 67
2026-04-22 09:09:20.463 BST [67M] ERROR: SQLite3: recovered 129 frames from WAL file /etc/pihole/pihole-FTL.db-wal (283)
2026-04-22 09:09:20.467 BST [67M] INFO: Database version is 21
2026-04-22 09:09:20.486 BST [67M] INFO: Database successfully initialized
2026-04-22 09:09:20.598 BST [67M] WARNING: Insufficient permissions to set system time (CAP_SYS_TIME required), NTP client not available
2026-04-22 09:09:20.600 BST [67/T112] INFO: NTP server listening on :::123 (IPv6)
2026-04-22 09:09:20.601 BST [67M] INFO: FTL is running as user pihole (UID 1000)
2026-04-22 09:09:20.600 BST [67/T111] INFO: NTP server listening on 0.0.0.0:123 (IPv4)
2026-04-22 09:09:20.608 BST [67/T113] INFO: Imported 0 queries from the on-disk database (it has 931 rows)
2026-04-22 09:09:20.605 BST [67/T117] INFO: Reading certificate from /etc/pihole/tls.pem ...
2026-04-22 09:09:20.611 BST [67/T113] INFO: Parsing queries in database
2026-04-22 09:09:20.625 BST [67M] INFO: Blocking status is enabled
2026-04-22 09:09:20.620 BST [67/T113] INFO: Imported 0 queries from the long-term database
2026-04-22 09:09:20.622 BST [67/T117] INFO: Using SSL/TLS certificate file /etc/pihole/tls.pem
2026-04-22 09:09:20.632 BST [67/T113] INFO:  -> Total DNS queries: 0
2026-04-22 09:09:20.635 BST [67/T117] INFO: Web server ports:
2026-04-22 09:09:20.643 BST [67/T117] INFO:   - 0.0.0.0:80 (HTTP, IPv4, optional, OK)
2026-04-22 09:09:20.643 BST [67/T113] INFO:  -> Cached DNS queries: 0
2026-04-22 09:09:20.652 BST [67/T113] INFO:  -> Forwarded DNS queries: 0
2026-04-22 09:09:20.652 BST [67/T117] INFO:   - 0.0.0.0:443 (HTTPS, IPv4, optional, OK)
2026-04-22 09:09:20.661 BST [67/T113] INFO:  -> Blocked DNS queries: 0
2026-04-22 09:09:20.661 BST [67/T117] INFO:   - [::]:80 (HTTP, IPv6, optional, OK)
2026-04-22 09:09:20.671 BST [67/T117] INFO:   - [::]:443 (HTTPS, IPv6, optional, OK)
2026-04-22 09:09:20.671 BST [67/T113] INFO:  -> Unknown DNS queries: 0
2026-04-22 09:09:20.681 BST [67/T113] INFO:  -> Unique domains: 0
2026-04-22 09:09:20.683 BST [67/T117] INFO: Restored 0 API sessions from the database
2026-04-22 09:09:20.692 BST [67/T113] INFO:  -> Unique clients: 0
2026-04-22 09:09:20.701 BST [67/T113] INFO:  -> DNS cache records: 0
2026-04-22 09:09:20.709 BST [67/T113] INFO:  -> Known forward destinations: 0
2026-04-22 09:09:20.744 BST [67/T113] INFO: Compiled 0 allow and 0 deny regex for 0 client in 2.2 msec
2026-04-24 16:07:54.057 BST [67M] INFO: Asked to terminate by "killall --signal 15 pihole-FTL" (PID 11750, user root UID 0)
2026-04-24 16:07:54.151 BST [67/T113] INFO: Terminating database thread
2026-04-24 16:07:54.161 BST [67/T116] INFO: Terminating timer thread
2026-04-24 16:07:54.320 BST [67M] INFO: Finished final database update
2026-04-24 16:07:54.321 BST [67M] INFO: Waiting for threads to join
2026-04-24 16:07:54.345 BST [67M] INFO: Thread housekeeper (1) is idle, terminating it.
2026-04-24 16:07:54.365 BST [67M] INFO: Thread dns-client (2) is idle, terminating it.
2026-04-24 16:07:54.387 BST [67M] INFO: Thread webserver (7) is idle, terminating it.
2026-04-24 16:07:54.409 BST [67M] INFO: All threads joined
2026-04-24 16:07:54.438 BST [67M] INFO: PID file emptied
2026-04-24 16:07:54.461 BST [67M] INFO: Stored 0 API sessions in the database
2026-04-24 16:08:12.938 BST [68M] INFO: ########## FTL started on f40bbd4c0184! ##########
2026-04-24 16:08:12.939 BST [68M] INFO: FTL branch: master
2026-04-24 16:08:12.950 BST [68M] INFO: FTL version: v6.5
2026-04-24 16:08:12.964 BST [68M] INFO: FTL commit: f8883098
2026-04-24 16:08:12.979 BST [68M] INFO: FTL date: 2026-02-17 20:20:12 +0000
2026-04-24 16:08:12.994 BST [68M] INFO: FTL user: pihole
2026-04-24 16:08:13.010 BST [68M] INFO: Compiled for linux/amd64 (compiled on CI) using cc (Alpine 15.2.0) 15.2.0
2026-04-24 16:08:13.058 BST [68M] INFO: Wrote config file:
2026-04-24 16:08:13.060 BST [68M] INFO:  - 166 total entries
2026-04-24 16:08:13.075 BST [68M] INFO:  - 163 entries are default
2026-04-24 16:08:13.090 BST [68M] INFO:  - 3 entries are modified
2026-04-24 16:08:13.107 BST [68M] INFO:  - 0 entries are forced through environment
2026-04-24 16:08:13.217 BST [68M] INFO: Parsed config file /etc/pihole/pihole.toml successfully
2026-04-24 16:08:13.219 BST [68M] INFO: PID file does not exist or not readable
2026-04-24 16:08:13.234 BST [68M] INFO: No other running FTL process found.
2026-04-24 16:08:13.250 BST [68M] WARNING: Insufficient permissions to set process priority to -10 (CAP_SYS_NICE required), process priority remains at 0
2026-04-24 16:08:13.267 BST [68M] INFO: PID of FTL process: 68
2026-04-24 16:08:13.284 BST [68M] INFO: listening on 0.0.0.0 port 53
2026-04-24 16:08:13.294 BST [68M] INFO: listening on :: port 53
2026-04-24 16:08:13.310 BST [68M] INFO: PID of FTL process: 68
2026-04-24 16:08:13.347 BST [68M] ERROR: SQLite3: recovered 3 frames from WAL file /etc/pihole/pihole-FTL.db-wal (283)
2026-04-24 16:08:13.351 BST [68M] INFO: Database version is 21
2026-04-24 16:08:13.377 BST [68M] INFO: Database successfully initialized
2026-04-24 16:08:13.479 BST [68M] WARNING: Insufficient permissions to set system time (CAP_SYS_TIME required), NTP client not available
2026-04-24 16:08:13.481 BST [68/T107] INFO: NTP server listening on :::123 (IPv6)
2026-04-24 16:08:13.482 BST [68M] INFO: FTL is running as user pihole (UID 1000)
2026-04-24 16:08:13.481 BST [68/T106] INFO: NTP server listening on 0.0.0.0:123 (IPv4)
2026-04-24 16:08:13.491 BST [68/T108] INFO: Imported 0 queries from the on-disk database (it has 931 rows)
2026-04-24 16:08:13.485 BST [68/T112] INFO: Reading certificate from /etc/pihole/tls.pem ...
2026-04-24 16:08:13.495 BST [68/T108] INFO: Parsing queries in database
2026-04-24 16:08:13.500 BST [68M] INFO: Blocking status is enabled
2026-04-24 16:08:13.500 BST [68/T112] INFO: Using SSL/TLS certificate file /etc/pihole/tls.pem
2026-04-24 16:08:13.508 BST [68/T108] INFO: Imported 0 queries from the long-term database
2026-04-24 16:08:13.512 BST [68/T112] INFO: Web server ports:
2026-04-24 16:08:13.522 BST [68/T108] INFO:  -> Total DNS queries: 0
2026-04-24 16:08:13.522 BST [68/T112] INFO:   - 0.0.0.0:80 (HTTP, IPv4, optional, OK)
2026-04-24 16:08:13.531 BST [68/T108] INFO:  -> Cached DNS queries: 0
2026-04-24 16:08:13.531 BST [68/T112] INFO:   - 0.0.0.0:443 (HTTPS, IPv4, optional, OK)
2026-04-24 16:08:13.545 BST [68/T112] INFO:   - [::]:80 (HTTP, IPv6, optional, OK)
2026-04-24 16:08:13.545 BST [68/T108] INFO:  -> Forwarded DNS queries: 0
2026-04-24 16:08:13.556 BST [68/T112] INFO:   - [::]:443 (HTTPS, IPv6, optional, OK)
2026-04-24 16:08:13.556 BST [68/T108] INFO:  -> Blocked DNS queries: 0
2026-04-24 16:08:13.569 BST [68/T108] INFO:  -> Unknown DNS queries: 0
2026-04-24 16:08:13.571 BST [68/T112] INFO: Restored 0 API sessions from the database
2026-04-24 16:08:13.583 BST [68/T108] INFO:  -> Unique domains: 0
2026-04-24 16:08:13.596 BST [68/T108] INFO:  -> Unique clients: 0
2026-04-24 16:08:13.609 BST [68/T108] INFO:  -> DNS cache records: 0
2026-04-24 16:08:13.625 BST [68/T108] INFO:  -> Known forward destinations: 0
2026-04-24 16:08:13.674 BST [68/T108] INFO: Compiled 0 allow and 0 deny regex for 0 client in 3.3 msec
2026-04-28 21:07:28.204 BST [68M] INFO: ########## FTL started on f40bbd4c0184! ##########
2026-04-28 21:07:28.205 BST [68M] INFO: FTL branch: master
2026-04-28 21:07:28.216 BST [68M] INFO: FTL version: v6.5
2026-04-28 21:07:28.230 BST [68M] INFO: FTL commit: f8883098
2026-04-28 21:07:28.242 BST [68M] INFO: FTL date: 2026-02-17 20:20:12 +0000
2026-04-28 21:07:28.255 BST [68M] INFO: FTL user: pihole
2026-04-28 21:07:28.266 BST [68M] INFO: Compiled for linux/amd64 (compiled on CI) using cc (Alpine 15.2.0) 15.2.0
2026-04-28 21:07:28.325 BST [68M] INFO: Wrote config file:
2026-04-28 21:07:28.327 BST [68M] INFO:  - 166 total entries
2026-04-28 21:07:28.344 BST [68M] INFO:  - 163 entries are default
2026-04-28 21:07:28.358 BST [68M] INFO:  - 3 entries are modified
2026-04-28 21:07:28.372 BST [68M] INFO:  - 0 entries are forced through environment
2026-04-28 21:07:28.485 BST [68M] INFO: Parsed config file /etc/pihole/pihole.toml successfully
2026-04-28 21:07:28.487 BST [68M] INFO: PID file does not exist or not readable
2026-04-28 21:07:28.499 BST [68M] INFO: No other running FTL process found.
2026-04-28 21:07:28.512 BST [68M] WARNING: Insufficient permissions to set process priority to -10 (CAP_SYS_NICE required), process priority remains at 0
2026-04-28 21:07:28.528 BST [68M] INFO: PID of FTL process: 68
2026-04-28 21:07:28.553 BST [68M] INFO: listening on 0.0.0.0 port 53
2026-04-28 21:07:28.556 BST [68M] INFO: listening on :: port 53
2026-04-28 21:07:28.574 BST [68M] INFO: PID of FTL process: 68
2026-04-28 21:07:28.850 BST [68M] ERROR: SQLite3: recovered 459 frames from WAL file /etc/pihole/pihole-FTL.db-wal (283)
2026-04-28 21:07:28.854 BST [68M] INFO: Database version is 21
2026-04-28 21:07:28.900 BST [68M] INFO: Database successfully initialized
2026-04-28 21:07:29.004 BST [68M] WARNING: Insufficient permissions to set system time (CAP_SYS_TIME required), NTP client not available
2026-04-28 21:07:29.006 BST [68/T129] INFO: NTP server listening on :::123 (IPv6)
2026-04-28 21:07:29.010 BST [68/T135] INFO: Reading certificate from /etc/pihole/tls.pem ...
2026-04-28 21:07:29.006 BST [68/T128] INFO: NTP server listening on 0.0.0.0:123 (IPv4)
2026-04-28 21:07:29.007 BST [68M] INFO: FTL is running as user pihole (UID 1000)
2026-04-28 21:07:29.022 BST [68/T135] INFO: Using SSL/TLS certificate file /etc/pihole/tls.pem
2026-04-28 21:07:29.022 BST [68/T131] INFO: Imported 0 queries from the on-disk database (it has 1207 rows)
2026-04-28 21:07:29.022 BST [68M] INFO: Blocking status is enabled
2026-04-28 21:07:29.028 BST [68/T131] INFO: Parsing queries in database
2026-04-28 21:07:29.031 BST [68/T135] INFO: Web server ports:
2026-04-28 21:07:29.038 BST [68/T131] INFO: Imported 0 queries from the long-term database
2026-04-28 21:07:29.038 BST [68/T135] INFO:   - 0.0.0.0:80 (HTTP, IPv4, optional, OK)
2026-04-28 21:07:29.047 BST [68/T135] INFO:   - 0.0.0.0:443 (HTTPS, IPv4, optional, OK)
2026-04-28 21:07:29.047 BST [68/T131] INFO:  -> Total DNS queries: 0
2026-04-28 21:07:29.058 BST [68/T135] INFO:   - [::]:80 (HTTP, IPv6, optional, OK)
2026-04-28 21:07:29.058 BST [68/T131] INFO:  -> Cached DNS queries: 0
2026-04-28 21:07:29.071 BST [68/T135] INFO:   - [::]:443 (HTTPS, IPv6, optional, OK)
2026-04-28 21:07:29.070 BST [68/T131] INFO:  -> Forwarded DNS queries: 0
2026-04-28 21:07:29.083 BST [68/T131] INFO:  -> Blocked DNS queries: 0
2026-04-28 21:07:29.085 BST [68/T135] INFO: Restored 0 API sessions from the database
2026-04-28 21:07:29.094 BST [68/T131] INFO:  -> Unknown DNS queries: 0
2026-04-28 21:07:29.105 BST [68/T131] INFO:  -> Unique domains: 0
2026-04-28 21:07:29.117 BST [68/T131] INFO:  -> Unique clients: 0
2026-04-28 21:07:29.128 BST [68/T131] INFO:  -> DNS cache records: 0
2026-04-28 21:07:29.139 BST [68/T131] INFO:  -> Known forward destinations: 0
2026-04-28 21:07:29.190 BST [68/T131] INFO: Compiled 0 allow and 0 deny regex for 0 client in 3.0 msec
2026-04-28 21:07:34.775 BST [68M] INFO: Asked to terminate by "N/A" (PID 192, user root UID 0)
2026-04-28 21:07:34.819 BST [68/T134] INFO: Terminating timer thread
2026-04-28 21:07:34.855 BST [68/T131] INFO: Terminating database thread
2026-04-28 21:07:35.009 BST [68/T132] INFO: Terminating GC thread
2026-04-28 21:07:35.012 BST [68/T133] INFO: Terminating resolver thread
2026-04-28 21:07:35.031 BST [68M] INFO: Finished final database update
2026-04-28 21:07:35.035 BST [68M] INFO: Waiting for threads to join
2026-04-28 21:07:35.046 BST [68M] INFO: Thread webserver (7) is idle, terminating it.
2026-04-28 21:07:35.060 BST [68M] INFO: All threads joined
2026-04-28 21:07:35.076 BST [68M] INFO: PID file emptied
2026-04-28 21:07:35.104 BST [68M] INFO: Stored 0 API sessions in the database
2026-04-29 10:07:37.083 BST [68M] INFO: ########## FTL started on f40bbd4c0184! ##########
2026-04-29 10:07:37.086 BST [68M] INFO: FTL branch: master
2026-04-29 10:07:37.107 BST [68M] INFO: FTL version: v6.5
2026-04-29 10:07:37.126 BST [68M] INFO: FTL commit: f8883098
2026-04-29 10:07:37.145 BST [68M] INFO: FTL date: 2026-02-17 20:20:12 +0000
2026-04-29 10:07:37.165 BST [68M] INFO: FTL user: pihole
2026-04-29 10:07:37.182 BST [68M] INFO: Compiled for linux/amd64 (compiled on CI) using cc (Alpine 15.2.0) 15.2.0
2026-04-29 10:07:37.241 BST [68M] INFO: Wrote config file:
2026-04-29 10:07:37.243 BST [68M] INFO:  - 166 total entries
2026-04-29 10:07:37.259 BST [68M] INFO:  - 163 entries are default
2026-04-29 10:07:37.273 BST [68M] INFO:  - 3 entries are modified
2026-04-29 10:07:37.287 BST [68M] INFO:  - 0 entries are forced through environment
2026-04-29 10:07:37.399 BST [68M] INFO: Parsed config file /etc/pihole/pihole.toml successfully
2026-04-29 10:07:37.400 BST [68M] INFO: PID file does not exist or not readable
2026-04-29 10:07:37.415 BST [68M] INFO: No other running FTL process found.
2026-04-29 10:07:37.429 BST [68M] WARNING: Insufficient permissions to set process priority to -10 (CAP_SYS_NICE required), process priority remains at 0
2026-04-29 10:07:37.445 BST [68M] INFO: PID of FTL process: 68
2026-04-29 10:07:37.465 BST [68M] INFO: listening on 0.0.0.0 port 53
2026-04-29 10:07:37.471 BST [68M] INFO: listening on :: port 53
2026-04-29 10:07:37.486 BST [68M] INFO: PID of FTL process: 68
2026-04-29 10:07:37.527 BST [68M] ERROR: SQLite3: recovered 3 frames from WAL file /etc/pihole/pihole-FTL.db-wal (283)
2026-04-29 10:07:37.531 BST [68M] INFO: Database version is 21
2026-04-29 10:07:37.560 BST [68M] INFO: Database successfully initialized
2026-04-29 10:07:37.666 BST [68M] WARNING: Insufficient permissions to set system time (CAP_SYS_TIME required), NTP client not available
2026-04-29 10:07:37.667 BST [68/T112] INFO: NTP server listening on 0.0.0.0:123 (IPv4)
2026-04-29 10:07:37.667 BST [68/T113] INFO: NTP server listening on :::123 (IPv6)
2026-04-29 10:07:37.667 BST [68M] INFO: FTL is running as user pihole (UID 1000)
2026-04-29 10:07:37.671 BST [68/T118] INFO: Reading certificate from /etc/pihole/tls.pem ...
2026-04-29 10:07:37.688 BST [68M] INFO: Blocking status is enabled
2026-04-29 10:07:37.691 BST [68/T114] INFO: Imported 0 queries from the on-disk database (it has 1207 rows)
2026-04-29 10:07:37.688 BST [68/T118] INFO: Using SSL/TLS certificate file /etc/pihole/tls.pem
2026-04-29 10:07:37.700 BST [68/T118] INFO: Web server ports:
2026-04-29 10:07:37.696 BST [68/T114] INFO: Parsing queries in database
2026-04-29 10:07:37.710 BST [68/T114] INFO: Imported 0 queries from the long-term database
2026-04-29 10:07:37.710 BST [68/T118] INFO:   - 0.0.0.0:80 (HTTP, IPv4, optional, OK)
2026-04-29 10:07:37.722 BST [68/T118] INFO:   - 0.0.0.0:443 (HTTPS, IPv4, optional, OK)
2026-04-29 10:07:37.722 BST [68/T114] INFO:  -> Total DNS queries: 0
2026-04-29 10:07:37.733 BST [68/T118] INFO:   - [::]:80 (HTTP, IPv6, optional, OK)
2026-04-29 10:07:37.733 BST [68/T114] INFO:  -> Cached DNS queries: 0
2026-04-29 10:07:37.745 BST [68/T114] INFO:  -> Forwarded DNS queries: 0
2026-04-29 10:07:37.745 BST [68/T118] INFO:   - [::]:443 (HTTPS, IPv6, optional, OK)
2026-04-29 10:07:37.757 BST [68/T114] INFO:  -> Blocked DNS queries: 0
2026-04-29 10:07:37.759 BST [68/T118] INFO: Restored 0 API sessions from the database
2026-04-29 10:07:37.771 BST [68/T114] INFO:  -> Unknown DNS queries: 0
2026-04-29 10:07:37.788 BST [68/T114] INFO:  -> Unique domains: 0
2026-04-29 10:07:37.801 BST [68/T114] INFO:  -> Unique clients: 0
2026-04-29 10:07:37.815 BST [68/T114] INFO:  -> DNS cache records: 0
2026-04-29 10:07:37.829 BST [68/T114] INFO:  -> Known forward destinations: 0
2026-04-29 10:07:37.880 BST [68/T114] INFO: Compiled 0 allow and 0 deny regex for 0 client in 3.5 msec
2026-04-29 10:07:44.729 BST [68/T116] ERROR: Cannot receive UDP DNS reply: Timeout - no response from upstream DNS server
2026-04-29 10:07:44.732 BST [68/T116] INFO: Tried to resolve PTR "8.8.8.8.in-addr.arpa" on 127.0.0.1#53 (UDP)
2026-04-29 12:00:02.298 BST [68/T116] ERROR: Cannot receive UDP DNS reply: Timeout - no response from upstream DNS server
2026-04-29 12:00:02.300 BST [68/T116] INFO: Tried to resolve PTR "8.8.8.8.in-addr.arpa" on 127.0.0.1#53 (UDP)
2026-04-29 12:11:52.537 BST [68/T115] INFO: Reloading config due to pihole.toml change
2026-04-29 12:11:52.560 BST [68/T115] INFO: Restarting FTL due to change of dns.listeningMode
2026-04-29 12:11:52.580 BST [68/T115] INFO: Wrote config file:
2026-04-29 12:11:52.581 BST [68/T115] INFO:  - 166 total entries
2026-04-29 12:11:52.592 BST [68/T115] INFO:  - 162 entries are default
2026-04-29 12:11:52.602 BST [68/T115] INFO:  - 4 entries are modified
2026-04-29 12:11:52.615 BST [68/T115] INFO:  - 0 entries are forced through environment
2026-04-29 12:11:52.682 BST [68/T115] INFO: Restarting FTL: pihole.toml change
2026-04-29 12:11:52.684 BST [68M] INFO: Asked to terminate by "/usr/bin/pihole-FTL no-daemon" (PID 68, user pihole UID 1000)
2026-04-29 12:11:52.707 BST [68/T114] INFO: Terminating database thread
2026-04-29 12:11:52.773 BST [68/T117] INFO: Terminating timer thread
2026-04-29 12:11:52.956 BST [68M] INFO: Finished final database update
2026-04-29 12:11:52.957 BST [68M] INFO: Waiting for threads to join
2026-04-29 12:11:52.969 BST [68M] INFO: Thread housekeeper (1) is idle, terminating it.
2026-04-29 12:11:52.979 BST [68M] INFO: Thread dns-client (2) is idle, terminating it.
2026-04-29 12:11:52.991 BST [68M] INFO: Thread webserver (7) is idle, terminating it.
2026-04-29 12:11:53.003 BST [68M] INFO: All threads joined
2026-04-29 12:11:53.022 BST [68M] INFO: PID file emptied
2026-04-29 12:11:53.038 BST [68M] INFO: Stored 0 API sessions in the database
2026-04-29 12:11:53.223 BST [68M] INFO: ########## FTL terminated after 2h 4m 16s  (internal restart)! ##########
2026-04-29 12:11:53.249 BST [68M] INFO: ########## FTL started on f40bbd4c0184! ##########
2026-04-29 12:11:53.250 BST [68M] INFO: FTL branch: master
2026-04-29 12:11:53.262 BST [68M] INFO: FTL version: v6.5
2026-04-29 12:11:53.274 BST [68M] INFO: FTL commit: f8883098
2026-04-29 12:11:53.284 BST [68M] INFO: FTL date: 2026-02-17 20:20:12 +0000
2026-04-29 12:11:53.294 BST [68M] INFO: FTL user: pihole
2026-04-29 12:11:53.306 BST [68M] INFO: Compiled for linux/amd64 (compiled on CI) using cc (Alpine 15.2.0) 15.2.0
2026-04-29 12:11:53.355 BST [68M] INFO: Wrote config file:
2026-04-29 12:11:53.355 BST [68M] INFO:  - 166 total entries
2026-04-29 12:11:53.365 BST [68M] INFO:  - 162 entries are default
2026-04-29 12:11:53.376 BST [68M] INFO:  - 4 entries are modified
2026-04-29 12:11:53.387 BST [68M] INFO:  - 0 entries are forced through environment
2026-04-29 12:11:53.474 BST [68M] INFO: Parsed config file /etc/pihole/pihole.toml successfully
2026-04-29 12:11:53.475 BST [68M] INFO: PID file does not exist or not readable
2026-04-29 12:11:53.484 BST [68M] INFO: No other running FTL process found.
2026-04-29 12:11:53.494 BST [68M] WARNING: Insufficient permissions to set process priority to -10 (CAP_SYS_NICE required), process priority remains at 0
2026-04-29 12:11:53.531 BST [68M] INFO: PID of FTL process: 68
2026-04-29 12:11:53.555 BST [68M] INFO: listening on 0.0.0.0 port 53
2026-04-29 12:11:53.557 BST [68M] INFO: listening on :: port 53
2026-04-29 12:11:53.571 BST [68M] INFO: PID of FTL process: 68
2026-04-29 12:11:53.598 BST [68M] INFO: Database version is 21
2026-04-29 12:11:53.603 BST [68M] INFO: Database successfully initialized
2026-04-29 12:11:54.001 BST [68M] WARNING: Insufficient permissions to set system time (CAP_SYS_TIME required), NTP client not available
2026-04-29 12:11:54.006 BST [68/T906] INFO: Reading certificate from /etc/pihole/tls.pem ...
2026-04-29 12:11:54.002 BST [68/T900] INFO: NTP server listening on 0.0.0.0:123 (IPv4)
2026-04-29 12:11:54.002 BST [68/T901] INFO: NTP server listening on :::123 (IPv6)
2026-04-29 12:11:54.011 BST [68/T902] INFO: Imported 222 queries from the on-disk database (it has 1429 rows)
2026-04-29 12:11:54.003 BST [68M] INFO: FTL is running as user pihole (UID 1000)
2026-04-29 12:11:54.017 BST [68/T906] INFO: Using SSL/TLS certificate file /etc/pihole/tls.pem
2026-04-29 12:11:54.017 BST [68M] INFO: Blocking status is enabled
2026-04-29 12:11:54.014 BST [68/T902] INFO: Parsing queries in database
2026-04-29 12:11:54.026 BST [68/T906] INFO: Web server ports:
2026-04-29 12:11:54.041 BST [68/T902] INFO: Imported 222 queries from the long-term database
2026-04-29 12:11:54.033 BST [68/T906] INFO:   - 0.0.0.0:80 (HTTP, IPv4, optional, OK)
2026-04-29 12:11:54.042 BST [68/T906] INFO:   - 0.0.0.0:443 (HTTPS, IPv4, optional, OK)
2026-04-29 12:11:54.042 BST [68/T902] INFO:  -> Total DNS queries: 222
2026-04-29 12:11:54.053 BST [68/T902] INFO:  -> Cached DNS queries: 4
2026-04-29 12:11:54.053 BST [68/T906] INFO:   - [::]:80 (HTTP, IPv6, optional, OK)
2026-04-29 12:11:54.063 BST [68/T902] INFO:  -> Forwarded DNS queries: 218
2026-04-29 12:11:54.063 BST [68/T906] INFO:   - [::]:443 (HTTPS, IPv6, optional, OK)
2026-04-29 12:11:54.074 BST [68/T902] INFO:  -> Blocked DNS queries: 0
2026-04-29 12:11:54.075 BST [68/T906] INFO: Restored 0 API sessions from the database
2026-04-29 12:11:54.083 BST [68/T902] INFO:  -> Unknown DNS queries: 0
2026-04-29 12:11:54.096 BST [68/T902] INFO:  -> Unique domains: 4
2026-04-29 12:11:54.108 BST [68/T902] INFO:  -> Unique clients: 2
2026-04-29 12:11:54.119 BST [68/T902] INFO:  -> DNS cache records: 0
2026-04-29 12:11:54.130 BST [68/T902] INFO:  -> Known forward destinations: 1
2026-04-29 12:11:54.171 BST [68/T902] INFO: Compiled 0 allow and 0 deny regex for 2 clients in 2.4 msec
2026-04-29 12:11:58.105 BST [68/T904] ERROR: Cannot receive UDP DNS reply: Timeout - no response from upstream DNS server
2026-04-29 12:11:58.107 BST [68/T904] INFO: Tried to resolve PTR "8.8.8.8.in-addr.arpa" on 127.0.0.1#53 (UDP)
2026-04-29 12:12:01.192 BST [68M] INFO: Asked to terminate by "killall --signal 15 pihole-FTL" (PID 909, user root UID 0)
2026-04-29 12:12:01.220 BST [68/T905] INFO: Terminating timer thread
2026-04-29 12:12:01.278 BST [68/T902] INFO: Terminating database thread
2026-04-29 12:12:01.452 BST [68M] INFO: Finished final database update
2026-04-29 12:12:01.453 BST [68M] INFO: Waiting for threads to join
2026-04-29 12:12:01.463 BST [68M] INFO: Thread housekeeper (1) is idle, terminating it.
2026-04-29 12:12:01.473 BST [68M] INFO: Thread dns-client (2) is idle, terminating it.
2026-04-29 12:12:01.484 BST [68M] INFO: Thread webserver (7) is idle, terminating it.
2026-04-29 12:12:01.496 BST [68M] INFO: All threads joined
2026-04-29 12:12:01.509 BST [68M] INFO: PID file emptied
2026-04-29 12:12:01.532 BST [68M] INFO: Stored 0 API sessions in the database
2026-04-29 12:12:02.045 BST [68M] INFO: ########## FTL terminated after 8s 796ms  (code 0)! ##########
2026-04-29 12:12:04.025 BST [68M] INFO: ########## FTL started on f40bbd4c0184! ##########
2026-04-29 12:12:04.026 BST [68M] INFO: FTL branch: master
2026-04-29 12:12:04.037 BST [68M] INFO: FTL version: v6.5
2026-04-29 12:12:04.049 BST [68M] INFO: FTL commit: f8883098
2026-04-29 12:12:04.059 BST [68M] INFO: FTL date: 2026-02-17 20:20:12 +0000
2026-04-29 12:12:04.071 BST [68M] INFO: FTL user: pihole
2026-04-29 12:12:04.083 BST [68M] INFO: Compiled for linux/amd64 (compiled on CI) using cc (Alpine 15.2.0) 15.2.0
2026-04-29 12:12:04.130 BST [68M] INFO: Wrote config file:
2026-04-29 12:12:04.132 BST [68M] INFO:  - 166 total entries
2026-04-29 12:12:04.143 BST [68M] INFO:  - 162 entries are default
2026-04-29 12:12:04.155 BST [68M] INFO:  - 4 entries are modified
2026-04-29 12:12:04.166 BST [68M] INFO:  - 0 entries are forced through environment
2026-04-29 12:12:04.265 BST [68M] INFO: Parsed config file /etc/pihole/pihole.toml successfully
2026-04-29 12:12:04.266 BST [68M] INFO: PID file does not exist or not readable
2026-04-29 12:12:04.278 BST [68M] INFO: No other running FTL process found.
2026-04-29 12:12:04.288 BST [68M] WARNING: Insufficient permissions to set process priority to -10 (CAP_SYS_NICE required), process priority remains at 0
2026-04-29 12:12:04.303 BST [68M] INFO: PID of FTL process: 68
2026-04-29 12:12:04.315 BST [68M] INFO: listening on 0.0.0.0 port 53
2026-04-29 12:12:04.323 BST [68M] INFO: listening on :: port 53
2026-04-29 12:12:04.335 BST [68M] INFO: PID of FTL process: 68
2026-04-29 12:12:04.363 BST [68M] INFO: Database version is 21
2026-04-29 12:12:04.371 BST [68M] INFO: Database successfully initialized
2026-04-29 12:12:04.434 BST [68M] WARNING: Insufficient permissions to set system time (CAP_SYS_TIME required), NTP client not available
2026-04-29 12:12:04.436 BST [68M] INFO: FTL is running as user pihole (UID 1000)
2026-04-29 12:12:04.436 BST [68/T113] INFO: NTP server listening on :::123 (IPv6)
2026-04-29 12:12:04.436 BST [68/T112] INFO: NTP server listening on 0.0.0.0:123 (IPv4)
2026-04-29 12:12:04.446 BST [68/T114] INFO: Imported 225 queries from the on-disk database (it has 1432 rows)
2026-04-29 12:12:04.440 BST [68/T118] INFO: Reading certificate from /etc/pihole/tls.pem ...
2026-04-29 12:12:04.448 BST [68/T114] INFO: Parsing queries in database
2026-04-29 12:12:04.452 BST [68/T118] INFO: Using SSL/TLS certificate file /etc/pihole/tls.pem
2026-04-29 12:12:04.452 BST [68M] INFO: Blocking status is enabled
2026-04-29 12:12:04.463 BST [68/T118] INFO: Web server ports:
2026-04-29 12:12:04.477 BST [68/T114] INFO: Imported 225 queries from the long-term database
2026-04-29 12:12:04.470 BST [68/T118] INFO:   - 0.0.0.0:80 (HTTP, IPv4, optional, OK)
2026-04-29 12:12:04.481 BST [68/T118] INFO:   - 0.0.0.0:443 (HTTPS, IPv4, optional, OK)
2026-04-29 12:12:04.480 BST [68/T114] INFO:  -> Total DNS queries: 225
2026-04-29 12:12:04.492 BST [68/T114] INFO:  -> Cached DNS queries: 6
2026-04-29 12:12:04.491 BST [68/T118] INFO:   - [::]:80 (HTTP, IPv6, optional, OK)
2026-04-29 12:12:04.502 BST [68/T114] INFO:  -> Forwarded DNS queries: 219
2026-04-29 12:12:04.502 BST [68/T118] INFO:   - [::]:443 (HTTPS, IPv6, optional, OK)
2026-04-29 12:12:04.512 BST [68/T114] INFO:  -> Blocked DNS queries: 0
2026-04-29 12:12:04.513 BST [68/T118] INFO: Restored 0 API sessions from the database
2026-04-29 12:12:04.521 BST [68/T114] INFO:  -> Unknown DNS queries: 0
2026-04-29 12:12:04.534 BST [68/T114] INFO:  -> Unique domains: 4
2026-04-29 12:12:04.546 BST [68/T114] INFO:  -> Unique clients: 2
2026-04-29 12:12:04.558 BST [68/T114] INFO:  -> DNS cache records: 0
2026-04-29 12:12:04.570 BST [68/T114] INFO:  -> Known forward destinations: 1
2026-04-29 12:12:04.614 BST [68/T114] INFO: Compiled 0 allow and 0 deny regex for 2 clients in 2.5 msec
2026-04-29 12:12:08.534 BST [68/T116] ERROR: Cannot receive UDP DNS reply: Timeout - no response from upstream DNS server
2026-04-29 12:12:08.535 BST [68/T116] INFO: Tried to resolve PTR "8.8.8.8.in-addr.arpa" on 127.0.0.1#53 (UDP)
2026-04-29 12:14:44.442 BST [264/F68] WARNING: Connection error (8.8.8.8#53): TCP connection failed (Connection refused)
2026-04-29 12:15:25.952 BST [68M] INFO: Asked to terminate by "N/A" (PID 281, user root UID 0)
2026-04-29 12:15:25.973 BST [68/T117] INFO: Terminating timer thread
2026-04-29 12:15:26.013 BST [68/T114] INFO: Terminating database thread
2026-04-29 12:15:26.213 BST [68M] INFO: Finished final database update
2026-04-29 12:15:26.214 BST [68M] INFO: Waiting for threads to join
2026-04-29 12:15:26.226 BST [68M] INFO: Thread housekeeper (1) is idle, terminating it.
2026-04-29 12:15:26.236 BST [68M] INFO: Thread dns-client (2) is idle, terminating it.
2026-04-29 12:15:26.246 BST [68M] INFO: Thread webserver (7) is idle, terminating it.
2026-04-29 12:15:26.257 BST [68M] INFO: All threads joined
2026-04-29 12:15:26.268 BST [68M] INFO: PID file emptied
2026-04-29 12:15:26.289 BST [68M] INFO: Stored 0 API sessions in the database
2026-04-29 12:15:26.509 BST [68M] INFO: ########## FTL terminated after 3m 22s  (code 0)! ##########
2026-04-29 12:15:44.871 BST [68M] INFO: ########## FTL started on 49eee5a8ab1c! ##########
2026-04-29 12:15:44.872 BST [68M] INFO: FTL branch: master
2026-04-29 12:15:44.881 BST [68M] INFO: FTL version: v6.5
2026-04-29 12:15:44.890 BST [68M] INFO: FTL commit: f8883098
2026-04-29 12:15:44.901 BST [68M] INFO: FTL date: 2026-02-17 20:20:12 +0000
2026-04-29 12:15:44.912 BST [68M] INFO: FTL user: pihole
2026-04-29 12:15:44.924 BST [68M] INFO: Compiled for linux/amd64 (compiled on CI) using cc (Alpine 15.2.0) 15.2.0
2026-04-29 12:15:44.956 BST [68M] INFO: 1 FTLCONF environment variable found (1 used, 0 invalid, 0 ignored)
2026-04-29 12:15:44.957 BST [68M] INFO:    [✓] FTLCONF_dns_listeningMode is used
2026-04-29 12:15:44.983 BST [68M] INFO: Wrote config file:
2026-04-29 12:15:44.985 BST [68M] INFO:  - 166 total entries
2026-04-29 12:15:44.996 BST [68M] INFO:  - 162 entries are default
2026-04-29 12:15:45.008 BST [68M] INFO:  - 4 entries are modified
2026-04-29 12:15:45.020 BST [68M] INFO:  - 1 entry is forced through environment
2026-04-29 12:15:45.115 BST [68M] INFO: Parsed config file /etc/pihole/pihole.toml successfully
2026-04-29 12:15:45.116 BST [68M] INFO: PID file does not exist or not readable
2026-04-29 12:15:45.127 BST [68M] INFO: No other running FTL process found.
2026-04-29 12:15:45.137 BST [68M] WARNING: Insufficient permissions to set process priority to -10 (CAP_SYS_NICE required), process priority remains at 0
2026-04-29 12:15:45.151 BST [68M] INFO: PID of FTL process: 68
2026-04-29 12:15:45.163 BST [68M] INFO: listening on 0.0.0.0 port 53
2026-04-29 12:15:45.169 BST [68M] INFO: listening on :: port 53
2026-04-29 12:15:45.182 BST [68M] INFO: PID of FTL process: 68
2026-04-29 12:15:45.209 BST [68M] INFO: Database version is 21
2026-04-29 12:15:45.215 BST [68M] INFO: Database successfully initialized
2026-04-29 12:15:45.277 BST [68M] WARNING: Insufficient permissions to set system time (CAP_SYS_TIME required), NTP client not available
2026-04-29 12:15:45.279 BST [68/T113] INFO: NTP server listening on :::123 (IPv6)
2026-04-29 12:15:45.279 BST [68/T112] INFO: NTP server listening on 0.0.0.0:123 (IPv4)
2026-04-29 12:15:45.282 BST [68/T118] INFO: Reading certificate from /etc/pihole/tls.pem ...
2026-04-29 12:15:45.279 BST [68M] INFO: FTL is running as user pihole (UID 1000)
2026-04-29 12:15:45.293 BST [68/T114] INFO: Imported 233 queries from the on-disk database (it has 1440 rows)
2026-04-29 12:15:45.292 BST [68/T118] INFO: Using SSL/TLS certificate file /etc/pihole/tls.pem
2026-04-29 12:15:45.292 BST [68M] INFO: Blocking status is enabled
2026-04-29 12:15:45.298 BST [68/T114] INFO: Parsing queries in database
2026-04-29 12:15:45.301 BST [68/T118] INFO: Web server ports:
2026-04-29 12:15:45.308 BST [68/T118] INFO:   - 0.0.0.0:80 (HTTP, IPv4, optional, OK)
2026-04-29 12:15:45.326 BST [68/T114] INFO: Imported 233 queries from the long-term database
2026-04-29 12:15:45.320 BST [68/T118] INFO:   - 0.0.0.0:443 (HTTPS, IPv4, optional, OK)
2026-04-29 12:15:45.329 BST [68/T114] INFO:  -> Total DNS queries: 233
2026-04-29 12:15:45.329 BST [68/T118] INFO:   - [::]:80 (HTTP, IPv6, optional, OK)
2026-04-29 12:15:45.337 BST [68/T118] INFO:   - [::]:443 (HTTPS, IPv6, optional, OK)
2026-04-29 12:15:45.337 BST [68/T114] INFO:  -> Cached DNS queries: 9
2026-04-29 12:15:45.347 BST [68/T118] INFO: Restored 0 API sessions from the database
2026-04-29 12:15:45.346 BST [68/T114] INFO:  -> Forwarded DNS queries: 224
2026-04-29 12:15:45.357 BST [68/T114] INFO:  -> Blocked DNS queries: 0
2026-04-29 12:15:45.369 BST [68/T114] INFO:  -> Unknown DNS queries: 0
2026-04-29 12:15:45.379 BST [68/T114] INFO:  -> Unique domains: 4
2026-04-29 12:15:45.391 BST [68/T114] INFO:  -> Unique clients: 2
2026-04-29 12:15:45.401 BST [68/T114] INFO:  -> DNS cache records: 0
2026-04-29 12:15:45.412 BST [68/T114] INFO:  -> Known forward destinations: 1
2026-04-29 12:15:45.453 BST [68/T114] INFO: Compiled 0 allow and 0 deny regex for 2 clients in 2.9 msec
2026-04-29 12:15:49.381 BST [68/T116] ERROR: Cannot receive UDP DNS reply: Timeout - no response from upstream DNS server
2026-04-29 12:15:49.382 BST [68/T116] INFO: Tried to resolve PTR "8.8.8.8.in-addr.arpa" on 127.0.0.1#53 (UDP)
2026-04-29 12:16:40.481 BST [216/F68] WARNING: Connection error (8.8.8.8#53): TCP connection failed (Operation in progress)
2026-04-29 12:17:17.619 BST [275M] INFO: ########## FTL started on 49eee5a8ab1c! ##########
2026-04-29 12:17:17.620 BST [275M] INFO: FTL branch: master
2026-04-29 12:17:17.633 BST [275M] INFO: FTL version: v6.5
2026-04-29 12:17:17.647 BST [275M] INFO: FTL commit: f8883098
2026-04-29 12:17:17.659 BST [275M] INFO: FTL date: 2026-02-17 20:20:12 +0000
2026-04-29 12:17:17.672 BST [275M] INFO: FTL user: root
2026-04-29 12:17:17.687 BST [275M] INFO: Compiled for linux/amd64 (compiled on CI) using cc (Alpine 15.2.0) 15.2.0
2026-04-29 12:17:17.728 BST [275M] INFO: 1 FTLCONF environment variable found (1 used, 0 invalid, 0 ignored)
2026-04-29 12:17:17.729 BST [275M] INFO:    [✓] FTLCONF_dns_listeningMode is used
2026-04-29 12:17:17.760 BST [275M] INFO: Wrote config file:
2026-04-29 12:17:17.761 BST [275M] INFO:  - 166 total entries
2026-04-29 12:17:17.774 BST [275M] INFO:  - 162 entries are default
2026-04-29 12:17:17.786 BST [275M] INFO:  - 4 entries are modified
2026-04-29 12:17:17.813 BST [275M] INFO:  - 1 entry is forced through environment
2026-04-29 12:17:17.920 BST [275M] INFO: Parsed config file /etc/pihole/pihole.toml successfully
2026-04-29 12:17:17.921 BST [275M] CRIT: pihole-FTL is already running (PID 68)!
2026-04-29 12:20:35.895 BST [68M] INFO: Asked to terminate by "N/A" (PID 354, user root UID 0)
2026-04-29 12:20:35.906 BST [68/T117] INFO: Terminating timer thread
2026-04-29 12:20:35.915 BST [68/T114] INFO: Terminating database thread
2026-04-29 12:20:36.152 BST [68M] INFO: Finished final database update
2026-04-29 12:20:36.153 BST [68M] INFO: Waiting for threads to join
2026-04-29 12:20:36.164 BST [68M] INFO: Thread housekeeper (1) is idle, terminating it.
2026-04-29 12:20:36.174 BST [68M] INFO: Thread dns-client (2) is idle, terminating it.
2026-04-29 12:20:36.184 BST [68M] INFO: Thread webserver (7) is idle, terminating it.
2026-04-29 12:20:36.195 BST [68M] INFO: All threads joined
2026-04-29 12:20:36.207 BST [68M] INFO: PID file emptied
2026-04-29 12:20:36.220 BST [68M] INFO: Stored 0 API sessions in the database
2026-04-29 12:20:36.346 BST [68M] INFO: ########## FTL terminated after 4m 51s  (code 0)! ##########
2026-04-29 12:20:39.467 BST [68M] INFO: ########## FTL started on 561dd94ba83d! ##########
2026-04-29 12:20:39.468 BST [68M] INFO: FTL branch: master
2026-04-29 12:20:39.479 BST [68M] INFO: FTL version: v6.5
2026-04-29 12:20:39.491 BST [68M] INFO: FTL commit: f8883098
2026-04-29 12:20:39.502 BST [68M] INFO: FTL date: 2026-02-17 20:20:12 +0000
2026-04-29 12:20:39.511 BST [68M] INFO: FTL user: pihole
2026-04-29 12:20:39.522 BST [68M] INFO: Compiled for linux/amd64 (compiled on CI) using cc (Alpine 15.2.0) 15.2.0
2026-04-29 12:20:39.553 BST [68M] INFO: 2 FTLCONF environment variables found (2 used, 0 invalid, 0 ignored)
2026-04-29 12:20:39.554 BST [68M] INFO:    [✓] FTLCONF_dns_listeningMode is used
2026-04-29 12:20:39.564 BST [68M] INFO:    [✓] FTLCONF_dns_upstreams is used
2026-04-29 12:20:39.588 BST [68M] INFO: Wrote config file:
2026-04-29 12:20:39.590 BST [68M] INFO:  - 166 total entries
2026-04-29 12:20:39.600 BST [68M] INFO:  - 162 entries are default
2026-04-29 12:20:39.610 BST [68M] INFO:  - 4 entries are modified
2026-04-29 12:20:39.621 BST [68M] INFO:  - 2 entries are forced through environment
2026-04-29 12:20:39.708 BST [68M] INFO: Parsed config file /etc/pihole/pihole.toml successfully
2026-04-29 12:20:39.709 BST [68M] INFO: PID file does not exist or not readable
2026-04-29 12:20:39.718 BST [68M] INFO: No other running FTL process found.
2026-04-29 12:20:39.729 BST [68M] WARNING: Insufficient permissions to set process priority to -10 (CAP_SYS_NICE required), process priority remains at 0
2026-04-29 12:20:39.743 BST [68M] INFO: PID of FTL process: 68
2026-04-29 12:20:39.754 BST [68M] INFO: listening on 0.0.0.0 port 53
2026-04-29 12:20:39.761 BST [68M] INFO: listening on :: port 53
2026-04-29 12:20:39.771 BST [68M] INFO: PID of FTL process: 68
2026-04-29 12:20:39.800 BST [68M] INFO: Database version is 21
2026-04-29 12:20:39.808 BST [68M] INFO: Database successfully initialized
2026-04-29 12:20:39.875 BST [68M] WARNING: Insufficient permissions to set system time (CAP_SYS_TIME required), NTP client not available
2026-04-29 12:20:39.877 BST [68/T104] INFO: NTP server listening on 0.0.0.0:123 (IPv4)
2026-04-29 12:20:39.878 BST [68M] INFO: FTL is running as user pihole (UID 1000)
2026-04-29 12:20:39.881 BST [68/T110] INFO: Reading certificate from /etc/pihole/tls.pem ...
2026-04-29 12:20:39.877 BST [68/T105] INFO: NTP server listening on :::123 (IPv6)
2026-04-29 12:20:39.893 BST [68/T110] INFO: Using SSL/TLS certificate file /etc/pihole/tls.pem
2026-04-29 12:20:39.893 BST [68M] INFO: Blocking status is enabled
2026-04-29 12:20:39.896 BST [68/T106] INFO: Imported 239 queries from the on-disk database (it has 1446 rows)
2026-04-29 12:20:39.901 BST [68/T106] INFO: Parsing queries in database
2026-04-29 12:20:39.905 BST [68/T110] INFO: Web server ports:
2026-04-29 12:20:39.912 BST [68/T110] INFO:   - 0.0.0.0:80 (HTTP, IPv4, optional, OK)
2026-04-29 12:20:39.931 BST [68/T106] INFO: Imported 239 queries from the long-term database
2026-04-29 12:20:39.923 BST [68/T110] INFO:   - 0.0.0.0:443 (HTTPS, IPv4, optional, OK)
2026-04-29 12:20:39.936 BST [68/T110] INFO:   - [::]:80 (HTTP, IPv6, optional, OK)
2026-04-29 12:20:39.935 BST [68/T106] INFO:  -> Total DNS queries: 239
2026-04-29 12:20:39.946 BST [68/T106] INFO:  -> Cached DNS queries: 12
2026-04-29 12:20:39.946 BST [68/T110] INFO:   - [::]:443 (HTTPS, IPv6, optional, OK)
2026-04-29 12:20:39.958 BST [68/T110] INFO: Restored 0 API sessions from the database
2026-04-29 12:20:39.957 BST [68/T106] INFO:  -> Forwarded DNS queries: 227
2026-04-29 12:20:39.969 BST [68/T106] INFO:  -> Blocked DNS queries: 0
2026-04-29 12:20:39.979 BST [68/T106] INFO:  -> Unknown DNS queries: 0
2026-04-29 12:20:39.990 BST [68/T106] INFO:  -> Unique domains: 4
2026-04-29 12:20:40.000 BST [68/T106] INFO:  -> Unique clients: 2
2026-04-29 12:20:40.013 BST [68/T106] INFO:  -> DNS cache records: 0
2026-04-29 12:20:40.023 BST [68/T106] INFO:  -> Known forward destinations: 1
2026-04-29 12:20:40.062 BST [68/T106] INFO: Compiled 0 allow and 0 deny regex for 2 clients in 2.6 msec
